<?xml version="1.0" encoding="UTF-8"?>
<testsuite xmlns:xsi="http://www.w3.org/2001/XMLSchema-instance" xsi:noNamespaceSchemaLocation="https://maven.apache.org/surefire/maven-surefire-plugin/xsd/surefire-test-report.xsd" name="me.vigus.red.robloxjava.connection.json.UserGroupsJsonTest" time="2.175" tests="2" errors="0" skipped="0" failures="0">
  <properties>
[...]
</properties>
  <testcase name="testMultiRequest" classname="me.vigus.red.robloxjava.connection.json.UserGroupsJsonTest" time="1.755"/>
  <testcase name="testRequest" classname="me.vigus.red.robloxjava.connection.json.UserGroupsJsonTest" time="0.419"/>
</testsuite>