<?xml version="1.0" encoding="UTF-8"?>
<testsuite xmlns:xsi="http://www.w3.org/2001/XMLSchema-instance" xsi:noNamespaceSchemaLocation="https://maven.apache.org/surefire/maven-surefire-plugin/xsd/surefire-test-report.xsd" name="me.vigus.red.robloxjava.connection.http.HttpConnectionTest" time="0.976" tests="2" errors="0" skipped="0" failures="0">
  <properties>
[...]
</properties>
  <testcase name="getRequestWorks" classname="me.vigus.red.robloxjava.connection.http.HttpConnectionTest" time="0.604"/>
  <testcase name="multiRequestsWorks" classname="me.vigus.red.robloxjava.connection.http.HttpConnectionTest" time="0.371"/>
</testsuite>